[0.321s] Invoking command in '/home/hirose/ros2_ws/src/mypkg': PYTHONPATH=/home/hirose/ros2_ws/src/mypkg/build/mypkg/prefix_override:/usr/lib/python3/dist-packages/colcon_core/task/python/colcon_distutils_commands:/home/hirose/ros2_ws/src/mypkg/install/mypkg/lib/python3.10/site-packages:${PYTHONPATH} /usr/bin/python3 -W ignore:setup.py install is deprecated -W ignore:easy_install command is deprecated setup.py egg_info --egg-base build/mypkg build --build-base /home/hirose/ros2_ws/src/mypkg/build/mypkg/build install --record /home/hirose/ros2_ws/src/mypkg/build/mypkg/install.log --single-version-externally-managed install_data
[0.452s] running egg_info
[0.452s] creating build/mypkg/mypkg.egg-info
[0.453s] writing build/mypkg/mypkg.egg-info/PKG-INFO
[0.453s] writing dependency_links to build/mypkg/mypkg.egg-info/dependency_links.txt
[0.453s] writing entry points to build/mypkg/mypkg.egg-info/entry_points.txt
[0.453s] writing requirements to build/mypkg/mypkg.egg-info/requires.txt
[0.453s] writing top-level names to build/mypkg/mypkg.egg-info/top_level.txt
[0.453s] writing manifest file 'build/mypkg/mypkg.egg-info/SOURCES.txt'
[0.454s] reading manifest file 'build/mypkg/mypkg.egg-info/SOURCES.txt'
[0.454s] writing manifest file 'build/mypkg/mypkg.egg-info/SOURCES.txt'
[0.455s] running build
[0.457s] running build_py
[0.457s] creating /home/hirose/ros2_ws/src/mypkg/build/mypkg/build
[0.457s] creating /home/hirose/ros2_ws/src/mypkg/build/mypkg/build/lib
[0.457s] creating /home/hirose/ros2_ws/src/mypkg/build/mypkg/build/lib/mypkg
[0.457s] copying mypkg/__init__.py -> /home/hirose/ros2_ws/src/mypkg/build/mypkg/build/lib/mypkg
[0.457s] copying mypkg/battery_listener.py -> /home/hirose/ros2_ws/src/mypkg/build/mypkg/build/lib/mypkg
[0.457s] copying mypkg/battery_talker.py -> /home/hirose/ros2_ws/src/mypkg/build/mypkg/build/lib/mypkg
[0.457s] running install
[0.457s] running install_lib
[0.457s] creating /home/hirose/ros2_ws/src/mypkg/install/mypkg/lib/python3.10/site-packages/mypkg
[0.457s] copying /home/hirose/ros2_ws/src/mypkg/build/mypkg/build/lib/mypkg/__init__.py -> /home/hirose/ros2_ws/src/mypkg/install/mypkg/lib/python3.10/site-packages/mypkg
[0.457s] copying /home/hirose/ros2_ws/src/mypkg/build/mypkg/build/lib/mypkg/battery_listener.py -> /home/hirose/ros2_ws/src/mypkg/install/mypkg/lib/python3.10/site-packages/mypkg
[0.457s] copying /home/hirose/ros2_ws/src/mypkg/build/mypkg/build/lib/mypkg/battery_talker.py -> /home/hirose/ros2_ws/src/mypkg/install/mypkg/lib/python3.10/site-packages/mypkg
[0.457s] byte-compiling /home/hirose/ros2_ws/src/mypkg/install/mypkg/lib/python3.10/site-packages/mypkg/__init__.py to __init__.cpython-310.pyc
[0.457s] byte-compiling /home/hirose/ros2_ws/src/mypkg/install/mypkg/lib/python3.10/site-packages/mypkg/battery_listener.py to battery_listener.cpython-310.pyc
[0.458s] byte-compiling /home/hirose/ros2_ws/src/mypkg/install/mypkg/lib/python3.10/site-packages/mypkg/battery_talker.py to battery_talker.cpython-310.pyc
[0.458s] running install_data
[0.458s] creating /home/hirose/ros2_ws/src/mypkg/install/mypkg/share/ament_index
[0.458s] creating /home/hirose/ros2_ws/src/mypkg/install/mypkg/share/ament_index/resource_index
[0.458s] creating /home/hirose/ros2_ws/src/mypkg/install/mypkg/share/ament_index/resource_index/packages
[0.458s] copying resource/mypkg -> /home/hirose/ros2_ws/src/mypkg/install/mypkg/share/ament_index/resource_index/packages
[0.459s] copying package.xml -> /home/hirose/ros2_ws/src/mypkg/install/mypkg/share/mypkg
[0.459s] running install_egg_info
[0.459s] Copying build/mypkg/mypkg.egg-info to /home/hirose/ros2_ws/src/mypkg/install/mypkg/lib/python3.10/site-packages/mypkg-0.0.0-py3.10.egg-info
[0.460s] running install_scripts
[0.474s] Installing battery_listener script to /home/hirose/ros2_ws/src/mypkg/install/mypkg/lib/mypkg
[0.474s] Installing battery_talker script to /home/hirose/ros2_ws/src/mypkg/install/mypkg/lib/mypkg
[0.474s] writing list of installed files to '/home/hirose/ros2_ws/src/mypkg/build/mypkg/install.log'
[0.490s] Invoked command in '/home/hirose/ros2_ws/src/mypkg' returned '0': PYTHONPATH=/home/hirose/ros2_ws/src/mypkg/build/mypkg/prefix_override:/usr/lib/python3/dist-packages/colcon_core/task/python/colcon_distutils_commands:/home/hirose/ros2_ws/src/mypkg/install/mypkg/lib/python3.10/site-packages:${PYTHONPATH} /usr/bin/python3 -W ignore:setup.py install is deprecated -W ignore:easy_install command is deprecated setup.py egg_info --egg-base build/mypkg build --build-base /home/hirose/ros2_ws/src/mypkg/build/mypkg/build install --record /home/hirose/ros2_ws/src/mypkg/build/mypkg/install.log --single-version-externally-managed install_data
